	###################################################
	#                                                 #
	#    ALGONQUIN         @@@@@@@         COLLEGE    #
	#                  @@-----------@@                #
	#               @@@@|  M O L D  |@@@@             #
	#            @@@@@@@@-----------@@@@@@@@          #
	#         @@@@@@@@@@@@@  @@@@@@@   @@@@@@@        #
	#       @@@@@@@@@@@@@      @@@       @@@@@@       #
	#     @@@@@@@    @@@@@    @@@@       @@@@@@@@     #
	#    @@@@@@@       @@@@@ @@@@@@@    @@@@@@@@@@    #
	#   @@@@@@@        @@@@@ @@@@@ @@@@@@    @@@@@@   #
	#  @@@@@@@@@@    @@             @@@@      @@@@@@  #
	#  @@@@@@@@@@@@@@@  @@@@@  @@@@  @@@@   @@    @@  #
	# @@@@@@@@@@@@@@@   @@@@@ @@@@@   @@@@@@@@@    @@ #
	# @@@@@      @@@@   @@@ @@@ @@@   @@@@    @@@@@@@ #
	# @@@@        @@@@  @@@ @@@ @@@   @@@      @@@@@@ #
	#  @@@@     @@@@@@@              @@@@@    @@@@@@  #
	#  @@@@@@@@@@@     @@@  @@@   @@@    @@@@@@@@@@   #
	#   @@@@@@@@@@@   @@@ @@@@@@ @@@@@    @@@@@@@@@   #
	#    @@@@@@@@@@@@@@@ @@@@@@    @@@@@@@@@@@@@@@    #
	#     @@@@@@@@@       @@@        @@@@@@@@@@@      #
	#       @@@@@@         @@         @@@@@@@@@       #
	#         @@@@@       @@@@@     @@@@@@@@@         #
	#            @@@@@@@@@@@@@@@@@@@@@@@@@            #
	#               @@@@@@@@@@@@@@@@@@@               #
	#  COMPILERS        @@@@@@@@@@@        2023 - S   #
	#                                                 #
	###################################################

[Option 'R': Starting READER .....]

Reading file INPUT5_General.bs ....Please wait
The input file INPUT5_General.bs has not been completely loaded.
Current size of buffer: 250.
Last character read from the input file is: 
 10
Input file size: 599

Printing buffer parameters:

The capacity of the buffer is:  250
The current size of the buffer is:  0
The operational mode of the buffer is: F
The increment factor of the buffer is:  10
The first symbol in the buffer is:   
The value of the flags field is: 04
Reader statistics : 
Number of errors: 0

Printing buffer contents:

// Bust Example 5:
// The program is "lexically" correct and should not generate any error (based on Platypus from Svillen Ranev)
fn main(){
	let i64 i;
	let f64 a;
	let String text;
	a = a + 1.2;
	let f64 sum008 = 7.87050;
	readline(sum008);
	i = 0;